[debug] [2017-10-09T16:54:35.255Z] ----------------------------------------------------------------------
[debug] [2017-10-09T16:54:35.258Z] Command:       /usr/local/bin/node /Users/bubble/.npm-global/bin/firebase serve
[debug] [2017-10-09T16:54:35.259Z] CLI Version:   3.13.1
[debug] [2017-10-09T16:54:35.259Z] Platform:      darwin
[debug] [2017-10-09T16:54:35.259Z] Node Version:  v6.11.4
[debug] [2017-10-09T16:54:35.260Z] Time:          Mon Oct 09 2017 12:54:35 GMT-0400 (EDT)
[debug] [2017-10-09T16:54:35.260Z] ----------------------------------------------------------------------
[debug] 
[debug] [2017-10-09T16:54:35.276Z] > command requires scopes: ["email","openid","https://www.googleapis.com/auth/cloudplatformprojects.readonly","https://www.googleapis.com/auth/firebase","https://www.googleapis.com/auth/cloud-platform"]
[debug] [2017-10-09T16:54:35.276Z] > authorizing via signed-in user
[debug] [2017-10-09T16:54:35.279Z] >>> HTTP REQUEST GET https://admin.firebase.com/v1/projects/friendlychat-ed53a  
 Mon Oct 09 2017 12:54:35 GMT-0400 (EDT)
[debug] [2017-10-09T16:54:35.855Z] <<< HTTP RESPONSE 200
[debug] [2017-10-09T16:54:35.856Z] >>> HTTP REQUEST GET https://admin.firebase.com/v1/database/friendlychat-ed53a/tokens  
 Mon Oct 09 2017 12:54:35 GMT-0400 (EDT)
[debug] [2017-10-09T16:54:36.471Z] <<< HTTP RESPONSE 200
[info] 
[info] === Serving from '/Users/bubble/Documents/GitHub/friendlychat/web-start'...
[info] 
[debug] [2017-10-09T16:54:36.478Z] >>> HTTP REQUEST GET https://cloudresourcemanager.googleapis.com/v1/projects/friendlychat-ed53a  
 Mon Oct 09 2017 12:54:36 GMT-0400 (EDT)
[debug] [2017-10-09T16:54:36.751Z] <<< HTTP RESPONSE 200
[debug] [2017-10-09T16:54:36.752Z] >>> HTTP REQUEST GET https://mobilesdk-pa.googleapis.com/v1/projects/104691480830/clients/_:getWebAppConfig  
 Mon Oct 09 2017 12:54:36 GMT-0400 (EDT)
[debug] [2017-10-09T16:54:37.305Z] <<< HTTP RESPONSE 200
[info] i  hosting: Serving hosting files from: ./
[info] ✔  hosting: Local server: http://localhost:5000

